Relay constraints updated
Set Mullvad server to gb, lon, 
Connected to Mullvad VPN.
Stopping MEGAsync...
MEGAsync stopped.
Starting MEGAsync...
MEGAsync started.
Terminal is not running.
Relay constraints updated
Set Mullvad server to cz, prg, 
Connected to Mullvad VPN.
Stopping MEGAsync...
MEGAsync stopped.
Starting MEGAsync...
MEGAsync started.
Terminal is not running.
Restart not required
Terminal is not running.
Restart not required
Terminal is not running. 

Restart not required
Terminal is not running. 

Restart not required
Terminal is not running. 

Relay constraints updated
Set Mullvad server to za, jnb, 
Connected to Mullvad VPN.
Stopping MEGAsync...
MEGAsync stopped.
Starting MEGAsync...
MEGAsync started.
Relay constraints updated
Set Mullvad server to ch, zrh, 
Connected to Mullvad VPN.
Stopping MEGAsync...
MEGAsync stopped.
Starting MEGAsync...
MEGAsync started.
Relay constraints updated
Set Mullvad server to us, slc, 
Connected to Mullvad VPN.
Stopping MEGAsync...
MEGAsync stopped.
Starting MEGAsync...
MEGAsync started.
Restart not required
Relay constraints updated
Set Mullvad server to hr, zag, 
Connected to Mullvad VPN.
Stopping MEGAsync...
MEGAsync stopped.
Starting MEGAsync...
MEGAsync started.
Relay constraints updated
Set Mullvad server to tr, ist, 
Connected to Mullvad VPN.
Stopping MEGAsync...
MEGAsync stopped.
Starting MEGAsync...
MEGAsync started.
Relay constraints updated
Set Mullvad server to co, bog, 
Connected to Mullvad VPN.
Stopping MEGAsync...
MEGAsync stopped.
Starting MEGAsync...
MEGAsync started.
Relay constraints updated
Set Mullvad server to sk, bts, 
Connected to Mullvad VPN.
Stopping MEGAsync...
MEGAsync stopped.
Starting MEGAsync...
MEGAsync started.
Restart not required
Relay constraints updated
Set Mullvad server to ca, van, 
Connected to Mullvad VPN.
Stopping MEGAsync...
MEGAsync stopped.
Starting MEGAsync...
MEGAsync started.
Relay constraints updated
Set Mullvad server to sg, sin, 
Connected to Mullvad VPN.
Stopping MEGAsync...
MEGAsync stopped.
Starting MEGAsync...
MEGAsync started.
Relay constraints updated
Set Mullvad server to es, mad, 
Connected to Mullvad VPN.
Stopping MEGAsync...
MEGAsync stopped.
Starting MEGAsync...
MEGAsync started.
Relay constraints updated
Set Mullvad server to hr, zag, 
Connected to Mullvad VPN.
Stopping MEGAsync...
MEGAsync stopped.
Starting MEGAsync...
MEGAsync started.
Relay constraints updated
Set Mullvad server to fr, bod, 
Connected to Mullvad VPN.
Stopping MEGAsync...
MEGAsync stopped.
Starting MEGAsync...
MEGAsync started.
Relay constraints updated
Set Mullvad server to jp, tyo, 
Connected to Mullvad VPN.
Stopping MEGAsync...
MEGAsync stopped.
Starting MEGAsync...
MEGAsync started.
Restart not required
Relay constraints updated
Set Mullvad server to be, bru, 
Connected to Mullvad VPN.
Stopping MEGAsync...
MEGAsync stopped.
Starting MEGAsync...
MEGAsync started.
Relay constraints updated
Set Mullvad server to hk, hkg, 
Connected to Mullvad VPN.
Stopping MEGAsync...
MEGAsync stopped.
Starting MEGAsync...
MEGAsync started.
Relay constraints updated
Set Mullvad server to hu, bud, 
Connected to Mullvad VPN.
Stopping MEGAsync...
MEGAsync stopped.
Starting MEGAsync...
MEGAsync started.
Relay constraints updated
Set Mullvad server to sg, sin, 
Connected to Mullvad VPN.
Stopping MEGAsync...
MEGAsync stopped.
Starting MEGAsync...
MEGAsync started.
Restart not required
Restart not required
Relay constraints updated
Set Mullvad server to pt, lis, 
Connected to Mullvad VPN.
Stopping MEGAsync...
MEGAsync stopped.
Starting MEGAsync...
MEGAsync started.
Restart not required
Relay constraints updated
Set Mullvad server to sk, bts, 
Connected to Mullvad VPN.
Stopping MEGAsync...
MEGAsync stopped.
Starting MEGAsync...
MEGAsync started.
Relay constraints updated
Set Mullvad server to ph, mnl, 
Connected to Mullvad VPN.
Stopping MEGAsync...
MEGAsync stopped.
Starting MEGAsync...
MEGAsync started.
Relay constraints updated
Set Mullvad server to th, bkk, 
Connected to Mullvad VPN.
Stopping MEGAsync...
MEGAsync stopped.
Starting MEGAsync...
MEGAsync started.
Relay constraints updated
Set Mullvad server to id, jpu, 
Connected to Mullvad VPN.
Stopping MEGAsync...
MEGAsync stopped.
Starting MEGAsync...
MEGAsync started.
Relay constraints updated
Set Mullvad server to ch, zrh, 
Connected to Mullvad VPN.
Stopping MEGAsync...
MEGAsync stopped.
Starting MEGAsync...
MEGAsync started.
Relay constraints updated
Set Mullvad server to es, vlc, 
Connected to Mullvad VPN.
Stopping MEGAsync...
MEGAsync stopped.
Starting MEGAsync...
MEGAsync started.
Restart not required
Relay constraints updated
Set Mullvad server to dk, cph, 
Connected to Mullvad VPN.
Stopping MEGAsync...
MEGAsync stopped.
Starting MEGAsync...
MEGAsync started.
Relay constraints updated
Set Mullvad server to il, tlv, 
Connected to Mullvad VPN.
Stopping MEGAsync...
MEGAsync stopped.
Starting MEGAsync...
MEGAsync started.
Restart not required
Restart not required
Relay constraints updated
Set Mullvad server to cy, nic, 
Connected to Mullvad VPN.
Stopping MEGAsync...
MEGAsync stopped.
Starting MEGAsync...
MEGAsync started.
Restart not required
Relay constraints updated
Set Mullvad server to bg, sof, 
Connected to Mullvad VPN.
Stopping MEGAsync...
MEGAsync stopped.
Starting MEGAsync...
MEGAsync started.
Relay constraints updated
Set Mullvad server to se, sto, 
Connected to Mullvad VPN.
Stopping MEGAsync...
MEGAsync stopped.
Starting MEGAsync...
MEGAsync started.
Relay constraints updated
Set Mullvad server to br, sao, 
Connected to Mullvad VPN.
Stopping MEGAsync...
MEGAsync stopped.
Starting MEGAsync...
MEGAsync started.
Relay constraints updated
Set Mullvad server to ng, los, 
Connected to Mullvad VPN.
Stopping MEGAsync...
MEGAsync stopped.
Starting MEGAsync...
MEGAsync started.
Relay constraints updated
Set Mullvad server to tr, ist, 
Connected to Mullvad VPN.
Stopping MEGAsync...
MEGAsync stopped.
Starting MEGAsync...
MEGAsync started.
Relay constraints updated
Set Mullvad server to ee, tll, 
Connected to Mullvad VPN.
Stopping MEGAsync...
MEGAsync stopped.
Starting MEGAsync...
MEGAsync started.
Relay constraints updated
Set Mullvad server to fr, bod, 
Connected to Mullvad VPN.
Stopping MEGAsync...
MEGAsync stopped.
Starting MEGAsync...
MEGAsync started.
Restart not required
Relay constraints updated
Set Mullvad server to at, vie, 
Connected to Mullvad VPN.
Stopping MEGAsync...
MEGAsync stopped.
Starting MEGAsync...
MEGAsync started.
Relay constraints updated
Set Mullvad server to si, lju, 
Connected to Mullvad VPN.
Stopping MEGAsync...
MEGAsync stopped.
Starting MEGAsync...
MEGAsync started.
Restart not required
Relay constraints updated
Set Mullvad server to pe, lim, 
Connected to Mullvad VPN.
Stopping MEGAsync...
MEGAsync stopped.
Starting MEGAsync...
MEGAsync started.
Relay constraints updated
Set Mullvad server to se, sto, 
Connected to Mullvad VPN.
Stopping MEGAsync...
MEGAsync stopped.
Starting MEGAsync...
MEGAsync started.
Restart not required
Restart not required
Relay constraints updated
Set Mullvad server to se, mma, 
Connected to Mullvad VPN.
Stopping MEGAsync...
MEGAsync stopped.
Starting MEGAsync...
MEGAsync started.
Relay constraints updated
Set Mullvad server to be, bru, 
Connected to Mullvad VPN.
Stopping MEGAsync...
MEGAsync stopped.
Starting MEGAsync...
MEGAsync started.
Relay constraints updated
Set Mullvad server to tr, ist, 
Connected to Mullvad VPN.
Stopping MEGAsync...
MEGAsync stopped.
Starting MEGAsync...
MEGAsync started.
Relay constraints updated
Set Mullvad server to no, osl, 
Connected to Mullvad VPN.
Stopping MEGAsync...
MEGAsync stopped.
Starting MEGAsync...
MEGAsync started.
Restart not required
Relay constraints updated
Set Mullvad server to nz, akl, 
Connected to Mullvad VPN.
Stopping MEGAsync...
MEGAsync stopped.
Starting MEGAsync...
MEGAsync started.
Restart not required
Relay constraints updated
Set Mullvad server to si, lju, 
Connected to Mullvad VPN.
Stopping MEGAsync...
MEGAsync stopped.
Starting MEGAsync...
MEGAsync started.
Relay constraints updated
Set Mullvad server to id, jpu, 
Connected to Mullvad VPN.
Stopping MEGAsync...
MEGAsync stopped.
Starting MEGAsync...
MEGAsync started.
Relay constraints updated
Set Mullvad server to sk, bts, 
Connected to Mullvad VPN.
Stopping MEGAsync...
MEGAsync stopped.
Starting MEGAsync...
MEGAsync started.
Restart not required
Relay constraints updated
Set Mullvad server to id, jpu, 
Connected to Mullvad VPN.
Stopping MEGAsync...
MEGAsync stopped.
Starting MEGAsync...
MEGAsync started.
Relay constraints updated
Set Mullvad server to no, svg, 
Connected to Mullvad VPN.
Stopping MEGAsync...
MEGAsync stopped.
Starting MEGAsync...
MEGAsync started.
Relay constraints updated
Set Mullvad server to sk, bts, 
Connected to Mullvad VPN.
Stopping MEGAsync...
MEGAsync stopped.
Starting MEGAsync...
MEGAsync started.
Relay constraints updated
Set Mullvad server to ng, los, 
Connected to Mullvad VPN.
Stopping MEGAsync...
MEGAsync stopped.
Starting MEGAsync...
MEGAsync started.
Restart not required
Relay constraints updated
Set Mullvad server to be, bru, 
Connected to Mullvad VPN.
Stopping MEGAsync...
MEGAsync stopped.
Starting MEGAsync...
MEGAsync started.
Relay constraints updated
Set Mullvad server to tr, ist, 
Connected to Mullvad VPN.
Stopping MEGAsync...
MEGAsync stopped.
Starting MEGAsync...
MEGAsync started.
Relay constraints updated
Set Mullvad server to pt, lis, 
Connected to Mullvad VPN.
Stopping MEGAsync...
MEGAsync stopped.
Starting MEGAsync...
MEGAsync started.
Relay constraints updated
Set Mullvad server to at, vie, 
Connected to Mullvad VPN.
Stopping MEGAsync...
MEGAsync stopped.
Starting MEGAsync...
MEGAsync started.
Relay constraints updated
Set Mullvad server to br, sao, 
Connected to Mullvad VPN.
Stopping MEGAsync...
MEGAsync stopped.
Starting MEGAsync...
MEGAsync started.
Relay constraints updated
Set Mullvad server to bg, sof, 
Connected to Mullvad VPN.
Stopping MEGAsync...
MEGAsync stopped.
Starting MEGAsync...
MEGAsync started.
Restart not required
Relay constraints updated
Set Mullvad server to ie, dub, 
Connected to Mullvad VPN.
Stopping MEGAsync...
MEGAsync stopped.
Starting MEGAsync...
MEGAsync started.
Relay constraints updated
Set Mullvad server to pe, lim, 
Connected to Mullvad VPN.
Stopping MEGAsync...
MEGAsync stopped.
Starting MEGAsync...
MEGAsync started.
Restart not required
Relay constraints updated
Set Mullvad server to nz, akl, 
Connected to Mullvad VPN.
Stopping MEGAsync...
MEGAsync stopped.
Starting MEGAsync...
MEGAsync started.
Relay constraints updated
Set Mullvad server to dk, cph, 
Connected to Mullvad VPN.
Stopping MEGAsync...
MEGAsync stopped.
Starting MEGAsync...
MEGAsync started.
Restart not required
Relay constraints updated
Set Mullvad server to pl, waw, 
Connected to Mullvad VPN.
Stopping MEGAsync...
MEGAsync stopped.
Starting MEGAsync...
MEGAsync started.
Relay constraints updated
Set Mullvad server to ro, buh, 
Connected to Mullvad VPN.
Stopping MEGAsync...
MEGAsync stopped.
Starting MEGAsync...
MEGAsync started.
Relay constraints updated
Set Mullvad server to br, sao, 
Connected to Mullvad VPN.
Stopping MEGAsync...
MEGAsync stopped.
Starting MEGAsync...
MEGAsync started.
Relay constraints updated
Set Mullvad server to tr, ist, 
Connected to Mullvad VPN.
Stopping MEGAsync...
MEGAsync stopped.
Starting MEGAsync...
MEGAsync started.
Relay constraints updated
Set Mullvad server to cy, nic, 
Connected to Mullvad VPN.
Stopping MEGAsync...
MEGAsync stopped.
Starting MEGAsync...
MEGAsync started.
Relay constraints updated
Set Mullvad server to bg, sof, 
Connected to Mullvad VPN.
Stopping MEGAsync...
MEGAsync stopped.
Starting MEGAsync...
MEGAsync started.
Relay constraints updated
Set Mullvad server to th, bkk, 
Connected to Mullvad VPN.
Stopping MEGAsync...
MEGAsync stopped.
Starting MEGAsync...
MEGAsync started.
Relay constraints updated
Set Mullvad server to ee, tll, 
Connected to Mullvad VPN.
Stopping MEGAsync...
MEGAsync stopped.
Starting MEGAsync...
MEGAsync started.
Relay constraints updated
Set Mullvad server to fi, hel, 
Connected to Mullvad VPN.
Stopping MEGAsync...
MEGAsync stopped.
Starting MEGAsync...
MEGAsync started.
Relay constraints updated
Set Mullvad server to za, jnb, 
Connected to Mullvad VPN.
Stopping MEGAsync...
MEGAsync stopped.
Starting MEGAsync...
MEGAsync started.
Restart not required
Relay constraints updated
Set Mullvad server to tr, ist, 
Connected to Mullvad VPN.
Stopping MEGAsync...
MEGAsync stopped.
Starting MEGAsync...
MEGAsync started.
Relay constraints updated
Set Mullvad server to it, pmo, 
Connected to Mullvad VPN.
Stopping MEGAsync...
MEGAsync stopped.
Starting MEGAsync...
MEGAsync started.
Restart not required
Relay constraints updated
Set Mullvad server to hr, zag, 
Connected to Mullvad VPN.
Stopping MEGAsync...
MEGAsync stopped.
Starting MEGAsync...
MEGAsync started.
Relay constraints updated
Set Mullvad server to hu, bud, 
Connected to Mullvad VPN.
Stopping MEGAsync...
MEGAsync stopped.
Starting MEGAsync...
MEGAsync started.
Restart not required
Restart not required
Relay constraints updated
Set Mullvad server to jp, osa, 
Connected to Mullvad VPN.
Stopping MEGAsync...
MEGAsync stopped.
Starting MEGAsync...
MEGAsync started.
Relay constraints updated
Set Mullvad server to gb, glw, 
Connected to Mullvad VPN.
Stopping MEGAsync...
MEGAsync stopped.
Starting MEGAsync...
MEGAsync started.
Restart not required
Restart not required
Relay constraints updated
Set Mullvad server to rs, beg, 
Connected to Mullvad VPN.
Stopping MEGAsync...
MEGAsync stopped.
Starting MEGAsync...
MEGAsync started.
Relay constraints updated
Set Mullvad server to br, sao, 
Connected to Mullvad VPN.
Stopping MEGAsync...
MEGAsync stopped.
Starting MEGAsync...
MEGAsync started.
Relay constraints updated
Set Mullvad server to cy, nic, 
Connected to Mullvad VPN.
Stopping MEGAsync...
MEGAsync stopped.
Starting MEGAsync...
MEGAsync started.
Relay constraints updated
Set Mullvad server to au, bne, 
Connected to Mullvad VPN.
Stopping MEGAsync...
MEGAsync stopped.
Starting MEGAsync...
MEGAsync started.
Relay constraints updated
Set Mullvad server to pt, lis, 
Connected to Mullvad VPN.
Stopping MEGAsync...
MEGAsync stopped.
Starting MEGAsync...
MEGAsync started.
Relay constraints updated
Set Mullvad server to si, lju, 
Connected to Mullvad VPN.
Stopping MEGAsync...
MEGAsync stopped.
Starting MEGAsync...
MEGAsync started.
Relay constraints updated
Set Mullvad server to al, tia, 
Connected to Mullvad VPN.
Stopping MEGAsync...
MEGAsync stopped.
Starting MEGAsync...
MEGAsync started.
Restart not required
Relay constraints updated
Set Mullvad server to id, jpu, 
Connected to Mullvad VPN.
Stopping MEGAsync...
MEGAsync stopped.
Starting MEGAsync...
MEGAsync started.
Relay constraints updated
Set Mullvad server to at, vie, 
Connected to Mullvad VPN.
Stopping MEGAsync...
MEGAsync stopped.
Starting MEGAsync...
MEGAsync started.
Restart not required
Restart not required
Restart not required
Relay constraints updated
Set Mullvad server to th, bkk, 
Connected to Mullvad VPN.
Stopping MEGAsync...
MEGAsync stopped.
Starting MEGAsync...
MEGAsync started.
active
Relay constraints updated
False
Set Mullvad server to ng, los, 
Connected to Mullvad VPN.
Stopping MEGAsync...
MEGAsync stopped.
Starting MEGAsync...
MEGAsync started.
False
Restart not required
Relay constraints updated
False
Set Mullvad server to sk, bts, 
Connected to Mullvad VPN.
Stopping MEGAsync...
MEGAsync stopped.
Starting MEGAsync...
MEGAsync started.
Relay constraints updated
False
Set Mullvad server to ie, dub, 
Connected to Mullvad VPN.
Stopping MEGAsync...
MEGAsync stopped.
Starting MEGAsync...
MEGAsync started.
Relay constraints updated
False
Set Mullvad server to si, lju, 
Connected to Mullvad VPN.
Stopping MEGAsync...
MEGAsync stopped.
Starting MEGAsync...
MEGAsync started.
False
Restart not required
False
Restart not required
Relay constraints updated
False
Set Mullvad server to be, bru, 
Connected to Mullvad VPN.
Stopping MEGAsync...
MEGAsync stopped.
Starting MEGAsync...
MEGAsync started.
False
Restart not required
Relay constraints updated
False
Set Mullvad server to se, got, 
Connected to Mullvad VPN.
Stopping MEGAsync...
MEGAsync stopped.
Starting MEGAsync...
MEGAsync started.
Relay constraints updated
False
Set Mullvad server to bg, sof, 
Connected to Mullvad VPN.
Stopping MEGAsync...
MEGAsync stopped.
Starting MEGAsync...
MEGAsync started.
Relay constraints updated
False
Set Mullvad server to nl, ams, 
Connected to Mullvad VPN.
Stopping MEGAsync...
MEGAsync stopped.
Starting MEGAsync...
MEGAsync started.
Relay constraints updated
False
Set Mullvad server to co, bog, 
Connected to Mullvad VPN.
Stopping MEGAsync...
MEGAsync stopped.
Starting MEGAsync...
MEGAsync started.
Relay constraints updated
False
Set Mullvad server to cz, prg, 
Connected to Mullvad VPN.
Stopping MEGAsync...
MEGAsync stopped.
Starting MEGAsync...
MEGAsync started.
Relay constraints updated
False
Set Mullvad server to ua, iev, 
Connected to Mullvad VPN.
Stopping MEGAsync...
MEGAsync stopped.
Starting MEGAsync...
MEGAsync started.
False
Restart not required
Relay constraints updated
False
Set Mullvad server to mx, qro, 
Connected to Mullvad VPN.
Stopping MEGAsync...
MEGAsync stopped.
Starting MEGAsync...
MEGAsync started.
Relay constraints updated
False
Set Mullvad server to za, jnb, 
Connected to Mullvad VPN.
Stopping MEGAsync...
MEGAsync stopped.
Starting MEGAsync...
MEGAsync started.
Relay constraints updated
False
Set Mullvad server to be, bru, 
Connected to Mullvad VPN.
Stopping MEGAsync...
MEGAsync stopped.
Starting MEGAsync...
MEGAsync started.
Relay constraints updated
False
Set Mullvad server to au, per, 
Connected to Mullvad VPN.
Stopping MEGAsync...
MEGAsync stopped.
Starting MEGAsync...
MEGAsync started.
Relay constraints updated
False
Set Mullvad server to za, jnb, 
Connected to Mullvad VPN.
Stopping MEGAsync...
MEGAsync stopped.
Starting MEGAsync...
MEGAsync started.
False
Restart not required
Relay constraints updated
False
Set Mullvad server to co, bog, 
Connected to Mullvad VPN.
Stopping MEGAsync...
MEGAsync stopped.
Starting MEGAsync...
MEGAsync started.
Relay constraints updated
False
Set Mullvad server to fr, mrs, 
Connected to Mullvad VPN.
Stopping MEGAsync...
MEGAsync stopped.
Starting MEGAsync...
MEGAsync started.
Relay constraints updated
False
Set Mullvad server to ch, zrh, 
Connected to Mullvad VPN.
Stopping MEGAsync...
MEGAsync stopped.
Starting MEGAsync...
MEGAsync started.
Relay constraints updated
False
Set Mullvad server to dk, cph, 
Connected to Mullvad VPN.
Stopping MEGAsync...
MEGAsync stopped.
Starting MEGAsync...
MEGAsync started.
Relay constraints updated
False
Set Mullvad server to tr, ist, 
Connected to Mullvad VPN.
Stopping MEGAsync...
MEGAsync stopped.
Starting MEGAsync...
MEGAsync started.
Relay constraints updated
False
Set Mullvad server to sg, sin, 
Connected to Mullvad VPN.
Stopping MEGAsync...
MEGAsync stopped.
Starting MEGAsync...
MEGAsync started.
Relay constraints updated
False
Set Mullvad server to hk, hkg, 
Connected to Mullvad VPN.
Stopping MEGAsync...
MEGAsync stopped.
Starting MEGAsync...
MEGAsync started.
Relay constraints updated
False
Set Mullvad server to id, jpu, 
Connected to Mullvad VPN.
Stopping MEGAsync...
MEGAsync stopped.
Starting MEGAsync...
MEGAsync started.
False
Restart not required
Relay constraints updated
False
Set Mullvad server to no, svg, 
Connected to Mullvad VPN.
Stopping MEGAsync...
MEGAsync stopped.
Starting MEGAsync...
MEGAsync started.
Relay constraints updated
False
Set Mullvad server to sk, bts, 
Connected to Mullvad VPN.
Stopping MEGAsync...
MEGAsync stopped.
Starting MEGAsync...
MEGAsync started.
Relay constraints updated
False
Set Mullvad server to ng, los, 
Connected to Mullvad VPN.
Stopping MEGAsync...
MEGAsync stopped.
Starting MEGAsync...
MEGAsync started.
False
Restart not required
Relay constraints updated
False
Set Mullvad server to au, mel, 
Connected to Mullvad VPN.
Stopping MEGAsync...
MEGAsync stopped.
Starting MEGAsync...
MEGAsync started.
Relay constraints updated
False
Set Mullvad server to fr, bod, 
Connected to Mullvad VPN.
Stopping MEGAsync...
MEGAsync stopped.
Starting MEGAsync...
MEGAsync started.
Relay constraints updated
False
Set Mullvad server to ie, dub, 
Connected to Mullvad VPN.
Stopping MEGAsync...
MEGAsync stopped.
Starting MEGAsync...
MEGAsync started.
Relay constraints updated
False
Set Mullvad server to hk, hkg, 
Connected to Mullvad VPN.
Stopping MEGAsync...
MEGAsync stopped.
Starting MEGAsync...
MEGAsync started.
Relay constraints updated
False
Set Mullvad server to il, tlv, 
Connected to Mullvad VPN.
Stopping MEGAsync...
MEGAsync stopped.
Starting MEGAsync...
MEGAsync started.
Relay constraints updated
False
Set Mullvad server to si, lju, 
Connected to Mullvad VPN.
Stopping MEGAsync...
MEGAsync stopped.
Starting MEGAsync...
MEGAsync started.
Relay constraints updated
False
Set Mullvad server to nz, akl, 
Connected to Mullvad VPN.
Stopping MEGAsync...
MEGAsync stopped.
Starting MEGAsync...
MEGAsync started.
Relay constraints updated
False
Set Mullvad server to no, osl, 
Connected to Mullvad VPN.
Stopping MEGAsync...
MEGAsync stopped.
Starting MEGAsync...
MEGAsync started.
False
Restart not required
Relay constraints updated
False
Set Mullvad server to dk, cph, 
Connected to Mullvad VPN.
Stopping MEGAsync...
MEGAsync stopped.
Starting MEGAsync...
MEGAsync started.
Relay constraints updated
False
Set Mullvad server to ng, los, 
Connected to Mullvad VPN.
Stopping MEGAsync...
MEGAsync stopped.
Starting MEGAsync...
MEGAsync started.
Relay constraints updated
False
Set Mullvad server to nz, akl, 
Connected to Mullvad VPN.
Stopping MEGAsync...
MEGAsync stopped.
Starting MEGAsync...
MEGAsync started.
Relay constraints updated
False
Set Mullvad server to il, tlv, 
Connected to Mullvad VPN.
Stopping MEGAsync...
MEGAsync stopped.
Starting MEGAsync...
MEGAsync started.
Relay constraints updated
False
Set Mullvad server to cz, prg, 
Connected to Mullvad VPN.
Stopping MEGAsync...
MEGAsync stopped.
Starting MEGAsync...
MEGAsync started.
Relay constraints updated
False
Set Mullvad server to sk, bts, 
Connected to Mullvad VPN.
Stopping MEGAsync...
MEGAsync stopped.
Starting MEGAsync...
MEGAsync started.
Relay constraints updated
False
Set Mullvad server to za, jnb, 
Connected to Mullvad VPN.
Stopping MEGAsync...
MEGAsync stopped.
Starting MEGAsync...
MEGAsync started.
Relay constraints updated
False
Set Mullvad server to tr, ist, 
Connected to Mullvad VPN.
Stopping MEGAsync...
MEGAsync stopped.
Starting MEGAsync...
MEGAsync started.
Relay constraints updated
False
Set Mullvad server to ca, yyc, 
Connected to Mullvad VPN.
Stopping MEGAsync...
MEGAsync stopped.
Starting MEGAsync...
MEGAsync started.
Relay constraints updated
False
Set Mullvad server to ie, dub, 
Connected to Mullvad VPN.
Stopping MEGAsync...
MEGAsync stopped.
Starting MEGAsync...
MEGAsync started.
Relay constraints updated
False
Set Mullvad server to at, vie, 
Connected to Mullvad VPN.
Stopping MEGAsync...
MEGAsync stopped.
Starting MEGAsync...
MEGAsync started.
False
Restart not required
Relay constraints updated
False
Set Mullvad server to se, mma, 
Connected to Mullvad VPN.
Stopping MEGAsync...
MEGAsync stopped.
Starting MEGAsync...
MEGAsync started.
False
Restart not required
Relay constraints updated
False
Set Mullvad server to co, bog, 
Connected to Mullvad VPN.
Stopping MEGAsync...
MEGAsync stopped.
Starting MEGAsync...
MEGAsync started.
Relay constraints updated
False
Set Mullvad server to hu, bud, 
Connected to Mullvad VPN.
Stopping MEGAsync...
MEGAsync stopped.
Starting MEGAsync...
MEGAsync started.
Relay constraints updated
False
Set Mullvad server to th, bkk, 
Connected to Mullvad VPN.
Stopping MEGAsync...
MEGAsync stopped.
Starting MEGAsync...
MEGAsync started.
Relay constraints updated
False
Set Mullvad server to at, vie, 
Connected to Mullvad VPN.
Stopping MEGAsync...
MEGAsync stopped.
Starting MEGAsync...
MEGAsync started.
Relay constraints updated
False
Set Mullvad server to se, mma, 
Connected to Mullvad VPN.
Stopping MEGAsync...
MEGAsync stopped.
Starting MEGAsync...
MEGAsync started.
False
Restart not required
Relay constraints updated
False
Set Mullvad server to ee, tll, 
Connected to Mullvad VPN.
Stopping MEGAsync...
MEGAsync stopped.
Starting MEGAsync...
MEGAsync started.
False
Restart not required
Relay constraints updated
False
Set Mullvad server to ca, van, 
Connected to Mullvad VPN.
Stopping MEGAsync...
MEGAsync stopped.
Starting MEGAsync...
MEGAsync started.
Relay constraints updated
False
Set Mullvad server to ee, tll, 
Connected to Mullvad VPN.
Stopping MEGAsync...
MEGAsync stopped.
Starting MEGAsync...
MEGAsync started.
Relay constraints updated
False
Set Mullvad server to ch, zrh, 
Connected to Mullvad VPN.
Stopping MEGAsync...
MEGAsync stopped.
Starting MEGAsync...
MEGAsync started.
False
Restart not required
Relay constraints updated
False
Set Mullvad server to dk, cph, 
Connected to Mullvad VPN.
Stopping MEGAsync...
MEGAsync stopped.
Starting MEGAsync...
MEGAsync started.
Relay constraints updated
False
Set Mullvad server to ua, iev, 
Connected to Mullvad VPN.
Stopping MEGAsync...
MEGAsync stopped.
Starting MEGAsync...
MEGAsync started.
Relay constraints updated
False
Set Mullvad server to ro, buh, 
Connected to Mullvad VPN.
Stopping MEGAsync...
MEGAsync stopped.
Starting MEGAsync...
MEGAsync started.
Relay constraints updated
False
Set Mullvad server to ca, mtr, 
Connected to Mullvad VPN.
Stopping MEGAsync...
MEGAsync stopped.
Starting MEGAsync...
MEGAsync started.
Relay constraints updated
False
Set Mullvad server to pe, lim, 
Connected to Mullvad VPN.
Stopping MEGAsync...
MEGAsync stopped.
Starting MEGAsync...
MEGAsync started.
Relay constraints updated
False
Set Mullvad server to at, vie, 
Connected to Mullvad VPN.
Stopping MEGAsync...
MEGAsync stopped.
Starting MEGAsync...
MEGAsync started.
Relay constraints updated
False
Set Mullvad server to mx, qro, 
Connected to Mullvad VPN.
Stopping MEGAsync...
MEGAsync stopped.
Starting MEGAsync...
MEGAsync started.
Relay constraints updated
False
Set Mullvad server to si, lju, 
Connected to Mullvad VPN.
Stopping MEGAsync...
MEGAsync stopped.
Starting MEGAsync...
MEGAsync started.
Relay constraints updated
False
Set Mullvad server to fi, hel, 
Connected to Mullvad VPN.
Stopping MEGAsync...
MEGAsync stopped.
Starting MEGAsync...
MEGAsync started.
Relay constraints updated
False
Set Mullvad server to gb, lon, 
Connected to Mullvad VPN.
Stopping MEGAsync...
MEGAsync stopped.
Starting MEGAsync...
MEGAsync started.
Relay constraints updated
False
Set Mullvad server to id, jpu, 
Connected to Mullvad VPN.
Stopping MEGAsync...
MEGAsync stopped.
Starting MEGAsync...
MEGAsync started.
Relay constraints updated
False
Set Mullvad server to at, vie, 
Connected to Mullvad VPN.
Stopping MEGAsync...
MEGAsync stopped.
Starting MEGAsync...
MEGAsync started.
Relay constraints updated
False
Set Mullvad server to at, vie, 
Connected to Mullvad VPN.
Stopping MEGAsync...
MEGAsync stopped.
Starting MEGAsync...
MEGAsync started.
False
Restart not required
Relay constraints updated
False
Set Mullvad server to il, tlv, 
Connected to Mullvad VPN.
Stopping MEGAsync...
MEGAsync stopped.
Starting MEGAsync...
MEGAsync started.
Relay constraints updated
False
Set Mullvad server to ee, tll, 
Connected to Mullvad VPN.
Stopping MEGAsync...
MEGAsync stopped.
Starting MEGAsync...
MEGAsync started.
Relay constraints updated
False
Set Mullvad server to pt, lis, 
Connected to Mullvad VPN.
Stopping MEGAsync...
MEGAsync stopped.
Starting MEGAsync...
MEGAsync started.
Relay constraints updated
False
Set Mullvad server to tr, ist, 
Connected to Mullvad VPN.
Stopping MEGAsync...
MEGAsync stopped.
Starting MEGAsync...
MEGAsync started.
Relay constraints updated
False
Set Mullvad server to be, bru, 
Connected to Mullvad VPN.
Stopping MEGAsync...
MEGAsync stopped.
Starting MEGAsync...
MEGAsync started.
Relay constraints updated
False
Set Mullvad server to ee, tll, 
Connected to Mullvad VPN.
Stopping MEGAsync...
MEGAsync stopped.
Starting MEGAsync...
MEGAsync started.
Relay constraints updated
False
Set Mullvad server to ch, zrh, 
Connected to Mullvad VPN.
Stopping MEGAsync...
MEGAsync stopped.
Starting MEGAsync...
MEGAsync started.
Relay constraints updated
False
Set Mullvad server to bg, sof, 
Connected to Mullvad VPN.
Stopping MEGAsync...
MEGAsync stopped.
Starting MEGAsync...
MEGAsync started.
Relay constraints updated
False
Set Mullvad server to ng, los, 
Connected to Mullvad VPN.
Stopping MEGAsync...
MEGAsync stopped.
Starting MEGAsync...
MEGAsync started.
Relay constraints updated
False
Set Mullvad server to br, sao, 
Connected to Mullvad VPN.
Stopping MEGAsync...
MEGAsync stopped.
Starting MEGAsync...
MEGAsync started.
False
Restart not required
Relay constraints updated
False
Set Mullvad server to be, bru, 
Connected to Mullvad VPN.
Stopping MEGAsync...
MEGAsync stopped.
Starting MEGAsync...
MEGAsync started.
Relay constraints updated
False
Set Mullvad server to ch, zrh, 
Connected to Mullvad VPN.
Stopping MEGAsync...
MEGAsync stopped.
Starting MEGAsync...
MEGAsync started.
Relay constraints updated
False
Set Mullvad server to mx, qro, 
Connected to Mullvad VPN.
Stopping MEGAsync...
MEGAsync stopped.
Starting MEGAsync...
MEGAsync started.
Moved '/Volumes/Knowhere/Downloads/Lucy 2014 (1080p x265 10bit Tigole).mkv' to '/Volumes/Knowhere/Movies/Lucy 2014 (1080p x265 10bit Tigole)/Lucy 2014 (1080p x265 10bit Tigole).mkv'.
Relay constraints updated
False
Set Mullvad server to cy, nic, 
Connected to Mullvad VPN.
Stopping MEGAsync...
MEGAsync stopped.
Starting MEGAsync...
MEGAsync started.
Moved '/Volumes/Knowhere/Downloads/Madagascar 3 - Europe's Most Wanted 2012 (1080p x265 10bit Tigole).mkv' to '/Volumes/Knowhere/Movies/untitled1/Madagascar 3 - Europe's Most Wanted 2012 (1080p x265 10bit Tigole).mkv'.
Relay constraints updated
False
Set Mullvad server to au, bne, 
Connected to Mullvad VPN.
Stopping MEGAsync...
MEGAsync stopped.
Starting MEGAsync...
MEGAsync started.
All .mkv files have been moved.
Relay constraints updated
False
Set Mullvad server to cy, nic, 
Connected to Mullvad VPN.
Stopping MEGAsync...
MEGAsync stopped.
Starting MEGAsync...
MEGAsync started.
All .mkv files have been moved.
Relay constraints updated
False
Set Mullvad server to id, jpu, 
Connected to Mullvad VPN.
Stopping MEGAsync...
MEGAsync stopped.
Starting MEGAsync...
MEGAsync started.
Moved '/Volumes/Knowhere/Downloads/Shutter.Island.2010.1080p.Bluray.x265.HEVC.10bit.AAC.5.1.Tigole.mkv' to '/Volumes/Knowhere/Movies/untitled1/Shutter.Island.2010.1080p.Bluray.x265.HEVC.10bit.AAC.5.1.Tigole.mkv'.
All .mkv files have been moved.
Relay constraints updated
False
Set Mullvad server to ie, dub, 
Connected to Mullvad VPN.
Stopping MEGAsync...
MEGAsync stopped.
Starting MEGAsync...
MEGAsync started.
All .mkv files have been moved.
Relay constraints updated
False
Set Mullvad server to au, syd, 
Connected to Mullvad VPN.
Stopping MEGAsync...
MEGAsync stopped.
Starting MEGAsync...
MEGAsync started.
All .mkv files have been moved.
False
Restart not required
All .mkv files have been moved.
Relay constraints updated
False
Set Mullvad server to co, bog, 
Connected to Mullvad VPN.
Stopping MEGAsync...
MEGAsync stopped.
Starting MEGAsync...
MEGAsync started.
Moved '/Volumes/Knowhere/Downloads/Of Mice and Men (1992) (1080p BluRay x265 10bit Tigole).mkv' to '/Volumes/Knowhere/Movies/untitled1/Of Mice and Men (1992) (1080p BluRay x265 10bit Tigole).mkv'.
All .mkv files have been moved.
Relay constraints updated
False
Set Mullvad server to nl, ams, 
Connected to Mullvad VPN.
Stopping MEGAsync...
MEGAsync stopped.
Starting MEGAsync...
MEGAsync started.
All .mkv files have been moved.
False
Restart not required
All .mkv files have been moved.
False
Restart not required
All .mkv files have been moved.
Relay constraints updated
False
Set Mullvad server to us, dal, 
Connected to Mullvad VPN.
Stopping MEGAsync...
MEGAsync stopped.
Starting MEGAsync...
MEGAsync started.
All .mkv files have been moved.
False
Restart not required
All .mkv files have been moved.
